2022-09-15 02:27:57.708/UTC [DEBUG] org.whitesource.agent.dependency.resolver.gradle.InitScriptGradleProjectScanner - [CTX=cd4ccac2cc1b4211a6b81de5105262d9] 	InitScriptGradleProjectScanner - runInitScript - START - /tmp/ws-scm/b1x-ctrl/ctrl-services
2022-09-15 02:27:57.711/UTC [DEBUG] org.whitesource.utils.command.Command - Command - executeProcess - timeout set to 900s
2022-09-15 02:27:57.711/UTC [DEBUG] org.whitesource.utils.command.Command - Command - executeProcess - start execute command '/tmp/ws-scm/b1x-ctrl/ctrl-services/gradlew --init-script /tmp/ws-ua_20220915022752_RDYAGI/gradle_YUFGGD/20220915022757/init.ws.gradle whitesourceDependenciesTask -DWS_INIT_GRADLE_OUTPUT_PATH=/tmp/ws-ua_20220915022752_RDYAGI/gradle_YUFGGD/20220915022757/gradle_dependencies.json -Dorg.gradle.parallel= -DWS_INIT_GRADLE_INCLUDE_DEPENDENCIES=true' in '/tmp/ws-scm/b1x-ctrl/ctrl-services'
2022-09-15 02:42:57.712/UTC [WARN] org.whitesource.utils.command.Command - Command - executeProcess - Timeout while running command /tmp/ws-scm/b1x-ctrl/ctrl-services/gradlew --init-script /tmp/ws-ua_20220915022752_RDYAGI/gradle_YUFGGD/20220915022757/init.ws.gradle whitesourceDependenciesTask -DWS_INIT_GRADLE_OUTPUT_PATH=/tmp/ws-ua_20220915022752_RDYAGI/gradle_YUFGGD/20220915022757/gradle_dependencies.json -Dorg.gradle.parallel= -DWS_INIT_GRADLE_INCLUDE_DEPENDENCIES=true, timeout = 900 seconds
2022-09-15 02:42:57.713/UTC [WARN] org.whitesource.utils.command.Command - Command - executeProcess - error executing command '/tmp/ws-scm/b1x-ctrl/ctrl-services/gradlew --init-script /tmp/ws-ua_20220915022752_RDYAGI/gradle_YUFGGD/20220915022757/init.ws.gradle whitesourceDependenciesTask -DWS_INIT_GRADLE_OUTPUT_PATH=/tmp/ws-ua_20220915022752_RDYAGI/gradle_YUFGGD/20220915022757/gradle_dependencies.json -Dorg.gradle.parallel= -DWS_INIT_GRADLE_INCLUDE_DEPENDENCIES=true' destroying process
2022-09-15 02:42:57.714/UTC [DEBUG] org.whitesource.utils.command.Command - Command result output lines for '/tmp/ws-scm/b1x-ctrl/ctrl-services/gradlew --init-script /tmp/ws-ua_20220915022752_RDYAGI/gradle_YUFGGD/20220915022757/init.ws.gradle whitesourceDependenciesTask -DWS_INIT_GRADLE_OUTPUT_PATH=/tmp/ws-ua_20220915022752_RDYAGI/gradle_YUFGGD/20220915022757/gradle_dependencies.json -Dorg.gradle.parallel= -DWS_INIT_GRADLE_INCLUDE_DEPENDENCIES=true':
2022-09-15 02:42:57.714/UTC [DEBUG] org.whitesource.utils.command.Command - Read line #1: JAVA_OPTS -> 
2022-09-15 02:42:57.714/UTC [DEBUG] org.whitesource.utils.command.Command - Read line #2: JAVACMD   -> /usr/local/java/11.0.13+8/bin/java
2022-09-15 02:42:57.714/UTC [DEBUG] org.whitesource.utils.command.Command - Read line #3: $\@        -> -Xms64m -Xmx64m -Dorg.gradle.appname=gradlew -classpath /tmp/ws-scm/b1x-ctrl/ctrl-services/gradle/wrapper/gradle-wrapper.jar org.gradle.wrapper.GradleWrapperMain --init-script /tmp/ws-ua_20220915022752_RDYAGI/gradle_YUFGGD/20220915022757/init.ws.gradle whitesourceDependenciesTask -DWS_INIT_GRADLE_OUTPUT_PATH=/tmp/ws-ua_20220915022752_RDYAGI/gradle_YUFGGD/20220915022757/gradle_dependencies.json -Dorg.gradle.parallel= -DWS_INIT_GRADLE_INCLUDE_DEPENDENCIES=true
2022-09-15 02:42:57.714/UTC [DEBUG] org.whitesource.utils.command.Command - Read line #4: GRADLE_OPTS> 
2022-09-15 02:42:57.714/UTC [DEBUG] org.whitesource.utils.command.Command - Read line #5: ABASE_NAME-> gradlew
2022-09-15 02:42:57.714/UTC [DEBUG] org.whitesource.utils.command.Command - Read line #6: APP_ARGS  -> '--init-script' \
2022-09-15 02:42:57.714/UTC [DEBUG] org.whitesource.utils.command.Command - Read line #7: '/tmp/ws-ua_20220915022752_RDYAGI/gradle_YUFGGD/20220915022757/init.ws.gradle' \
2022-09-15 02:42:57.714/UTC [DEBUG] org.whitesource.utils.command.Command - Read line #8: 'whitesourceDependenciesTask' \
2022-09-15 02:42:57.714/UTC [DEBUG] org.whitesource.utils.command.Command - Read line #9: '-DWS_INIT_GRADLE_OUTPUT_PATH=/tmp/ws-ua_20220915022752_RDYAGI/gradle_YUFGGD/20220915022757/gradle_dependencies.json' \
2022-09-15 02:42:57.714/UTC [DEBUG] org.whitesource.utils.command.Command - Read line #10: '-Dorg.gradle.parallel=' \
2022-09-15 02:42:57.714/UTC [DEBUG] org.whitesource.utils.command.Command - Read line #11: '-DWS_INIT_GRADLE_INCLUDE_DEPENDENCIES=true' \
2022-09-15 02:42:57.714/UTC [DEBUG] org.whitesource.utils.command.Command - Read line #12: Downloading https://services.gradle.org/distributions/gradle-7.2-all.zip
2022-09-15 02:42:57.714/UTC [DEBUG] org.whitesource.utils.command.Command - Read line #13: ..............10%...............20%...............30%...............40%...............50%...............60%...............70%...............80%...............90%...............100%
2022-09-15 02:42:57.714/UTC [DEBUG] org.whitesource.utils.command.Command - Read line #14: Welcome to Gradle 7.2!
2022-09-15 02:42:57.714/UTC [DEBUG] org.whitesource.utils.command.Command - Read line #15: Here are the highlights of this release:
2022-09-15 02:42:57.715/UTC [DEBUG] org.whitesource.utils.command.Command - Read line #16:  - Toolchain support for Scala
2022-09-15 02:42:57.715/UTC [DEBUG] org.whitesource.utils.command.Command - Read line #17:  - More cache hits when Java source files have platform-specific line endings
2022-09-15 02:42:57.715/UTC [DEBUG] org.whitesource.utils.command.Command - Read line #18:  - More resilient remote HTTP build cache behavior
2022-09-15 02:42:57.715/UTC [DEBUG] org.whitesource.utils.command.Command - Read line #19: For more details see https://docs.gradle.org/7.2/release-notes.html
2022-09-15 02:42:57.715/UTC [DEBUG] org.whitesource.utils.command.Command - Read line #20: To honour the JVM settings for this build a single-use Daemon process will be forked. See https://docs.gradle.org/7.2/userguide/gradle_daemon.html#sec:disabling_the_daemon.
2022-09-15 02:42:57.715/UTC [DEBUG] org.whitesource.utils.command.Command - Read line #21: Daemon will be stopped at the end of the build 
2022-09-15 02:42:57.715/UTC [DEBUG] org.whitesource.utils.command.Command - Read line #22: Configuration on demand is an incubating feature.
2022-09-15 02:42:57.715/UTC [DEBUG] org.whitesource.utils.command.Command - Read line #23: > Task :whitesourceDependenciesTask
2022-09-15 02:42:57.715/UTC [DEBUG] org.whitesource.utils.command.Command - Read line #24: WHITESOURCE: dependencies  task - START
2022-09-15 02:42:57.715/UTC [DEBUG] org.whitesource.utils.command.Command - Read line #25: WHITESOURCE: buildDeps - START
2022-09-15 02:42:57.715/UTC [DEBUG] org.whitesource.utils.command.Command - Read line #26: WHITESOURCE: buildDeps - one.block.b1x:ctrl-services:0.1 - 33
2022-09-15 02:42:57.715/UTC [DEBUG] org.whitesource.utils.command.Command - Read line #27: WHITESOURCE: buildDeps - one.block.b1x:admin-console:0.1 - 296
2022-09-15 02:42:57.716/UTC [WARN] org.whitesource.agent.dependency.resolver.gradle.GradleDependencyResolver - [CTX=cd4ccac2cc1b4211a6b81de5105262d9] 	gradle wrapper an error occurred while executing [/tmp/ws-scm/b1x-ctrl/ctrl-services/gradlew, --init-script, /tmp/ws-ua_20220915022752_RDYAGI/gradle_YUFGGD/20220915022757/init.ws.gradle, whitesourceDependenciesTask, -DWS_INIT_GRADLE_OUTPUT_PATH=/tmp/ws-ua_20220915022752_RDYAGI/gradle_YUFGGD/20220915022757/gradle_dependencies.json, -Dorg.gradle.parallel=, -DWS_INIT_GRADLE_INCLUDE_DEPENDENCIES=true] failed with: /tmp/ws-scm/b1x-ctrl/ctrl-services/gradlew. Attempting to resolve gradle dependencies with global gradle installation
2022-09-15 02:42:57.716/UTC [DEBUG] org.whitesource.agent.dependency.resolver.gradle.InitScriptGradleProjectScanner - [CTX=cd4ccac2cc1b4211a6b81de5105262d9] 	InitScriptGradleProjectScanner - scan - START - /tmp/ws-scm/b1x-ctrl/ctrl-services
2022-09-15 02:42:57.716/UTC [DEBUG] org.whitesource.agent.dependency.resolver.gradle.InitScriptGradleProjectScanner - [CTX=cd4ccac2cc1b4211a6b81de5105262d9] 	InitScriptGradleProjectScanner - scan - START - /tmp/ws-scm/b1x-ctrl/ctrl-services
2022-09-15 02:42:57.716/UTC [DEBUG] org.whitesource.agent.dependency.resolver.gradle.InitScriptGradleProjectScanner - [CTX=cd4ccac2cc1b4211a6b81de5105262d9] 	InitScriptGradleProjectScanner - runInitScript - START - /tmp/ws-scm/b1x-ctrl/ctrl-services
2022-09-15 02:42:57.717/UTC [DEBUG] org.whitesource.utils.command.Command - Command - executeProcess - timeout set to 900s
2022-09-15 02:42:57.718/UTC [DEBUG] org.whitesource.utils.command.Command - Command - executeProcess - start execute command 'gradle --init-script /tmp/ws-ua_20220915022752_RDYAGI/gradle_YUFGGD/20220915022757/init.ws.gradle whitesourceDependenciesTask -DWS_INIT_GRADLE_OUTPUT_PATH=/tmp/ws-ua_20220915022752_RDYAGI/gradle_YUFGGD/20220915024257/gradle_dependencies.json -Dorg.gradle.parallel= -DWS_INIT_GRADLE_INCLUDE_DEPENDENCIES=true' in '/tmp/ws-scm/b1x-ctrl/ctrl-services'
2022-09-15 02:43:12.379/UTC [WARN] org.whitesource.utils.command.Command - Command - executeProcess - error in execute command 'gradle --init-script /tmp/ws-ua_20220915022752_RDYAGI/gradle_YUFGGD/20220915022757/init.ws.gradle whitesourceDependenciesTask -DWS_INIT_GRADLE_OUTPUT_PATH=/tmp/ws-ua_20220915022752_RDYAGI/gradle_YUFGGD/20220915024257/gradle_dependencies.json -Dorg.gradle.parallel= -DWS_INIT_GRADLE_INCLUDE_DEPENDENCIES=true', Exit Status 1
2022-09-15 02:43:12.380/UTC [DEBUG] org.whitesource.utils.command.Command - Command result output lines for 'gradle --init-script /tmp/ws-ua_20220915022752_RDYAGI/gradle_YUFGGD/20220915022757/init.ws.gradle whitesourceDependenciesTask -DWS_INIT_GRADLE_OUTPUT_PATH=/tmp/ws-ua_20220915022752_RDYAGI/gradle_YUFGGD/20220915024257/gradle_dependencies.json -Dorg.gradle.parallel= -DWS_INIT_GRADLE_INCLUDE_DEPENDENCIES=true':
2022-09-15 02:43:12.380/UTC [DEBUG] org.whitesource.utils.command.Command - Read line #1: To honour the JVM settings for this build a single-use Daemon process will be forked. See https://docs.gradle.org/6.9.1/userguide/gradle_daemon.html#sec:disabling_the_daemon.
2022-09-15 02:43:12.380/UTC [DEBUG] org.whitesource.utils.command.Command - Read line #2: Daemon will be stopped at the end of the build 
2022-09-15 02:43:12.380/UTC [DEBUG] org.whitesource.utils.command.Command - Read line #3: Configuration on demand is an incubating feature.
2022-09-15 02:43:12.381/UTC [DEBUG] org.whitesource.utils.command.Command - Command result error lines for 'gradle --init-script /tmp/ws-ua_20220915022752_RDYAGI/gradle_YUFGGD/20220915022757/init.ws.gradle whitesourceDependenciesTask -DWS_INIT_GRADLE_OUTPUT_PATH=/tmp/ws-ua_20220915022752_RDYAGI/gradle_YUFGGD/20220915024257/gradle_dependencies.json -Dorg.gradle.parallel= -DWS_INIT_GRADLE_INCLUDE_DEPENDENCIES=true':
2022-09-15 02:43:12.381/UTC [WARN] org.whitesource.utils.command.Command - Read error line #1: FAILURE: Build failed with an exception.
2022-09-15 02:43:12.381/UTC [WARN] org.whitesource.utils.command.Command - Read error line #2: * Where:
2022-09-15 02:43:12.381/UTC [WARN] org.whitesource.utils.command.Command - Read error line #3: Build file '/tmp/ws-scm/b1x-ctrl/ctrl-services/build.gradle' line: 18
2022-09-15 02:43:12.381/UTC [WARN] org.whitesource.utils.command.Command - Read error line #4: * What went wrong:
2022-09-15 02:43:12.381/UTC [WARN] org.whitesource.utils.command.Command - Read error line #5: An exception occurred applying plugin request [id: 'com.github.johnrengelman.shadow', version: '7.1.0']
2022-09-15 02:43:12.381/UTC [WARN] org.whitesource.utils.command.Command - Read error line #6: > Failed to apply plugin class 'com.github.jengelman.gradle.plugins.shadow.ShadowBasePlugin'.
2022-09-15 02:43:12.381/UTC [WARN] org.whitesource.utils.command.Command - Read error line #7:    > This version of Shadow supports Gradle 7.0+ only. Please upgrade.
2022-09-15 02:43:12.381/UTC [WARN] org.whitesource.utils.command.Command - Read error line #8: * Try:
2022-09-15 02:43:12.381/UTC [WARN] org.whitesource.utils.command.Command - Read error line #9: Run with --stacktrace option to get the stack trace. Run with --info or --debug option to get more log output. Run with --scan to get full insights.
2022-09-15 02:43:12.381/UTC [WARN] org.whitesource.utils.command.Command - Read error line #10: * Get more help at https://help.gradle.org
2022-09-15 02:43:12.381/UTC [WARN] org.whitesource.utils.command.Command - Read error line #11: BUILD FAILED in 14s
2022-09-15 02:43:12.382/UTC [WARN] org.whitesource.agent.dependency.resolver.gradle.GradleDependencyResolver - [CTX=cd4ccac2cc1b4211a6b81de5105262d9] 	failed to resolve dependencies in /tmp/ws-scm/b1x-ctrl/ctrl-services
2022-09-15 02:43:12.382/UTC [WARN] org.whitesource.agent.dependency.resolver.gradle.GradleDependencyResolver - [CTX=cd4ccac2cc1b4211a6b81de5105262d9] 	gradle.resolveDependencies = true, but an error occurred while scanning project: an error occurred while executing [gradle, --init-script, /tmp/ws-ua_20220915022752_RDYAGI/gradle_YUFGGD/20220915022757/init.ws.gradle, whitesourceDependenciesTask, -DWS_INIT_GRADLE_OUTPUT_PATH=/tmp/ws-ua_20220915022752_RDYAGI/gradle_YUFGGD/20220915024257/gradle_dependencies.json, -Dorg.gradle.parallel=, -DWS_INIT_GRADLE_INCLUDE_DEPENDENCIES=true]
2022-09-15 02:43:12.382/UTC [DEBUG] org.whitesource.agent.dependency.resolver.gradle.GradleDependencyResolver - [CTX=cd4ccac2cc1b4211a6b81de5105262d9] 	GradleDependencyResolver - scan - END - 0